#
# A fatal error has been detected by the Java Runtime Environment:
#
#  SIGSEGV (0xb) at pc=0x00007f334dc8ed53, pid=2871, tid=139858006402816
#
# JRE version: OpenJDK Runtime Environment (7.0_79-b14) (build 1.7.0_79-b14)
# Java VM: OpenJDK 64-Bit Server VM (24.79-b02 mixed mode linux-amd64 compressed oops)
# Derivative: IcedTea 2.5.5
# Distribution: Ubuntu 14.04 LTS, package 7u79-2.5.5-0ubuntu0.14.04.2
# Problematic frame:
# V  [libjvm.so+0x4eed53]  PhaseIdealLoop::Dominators()+0x1d3
#
# Failed to write core dump. Core dumps have been disabled. To enable core dumping, try "ulimit -c unlimited" before starting Java again
#
# If you would like to submit a bug report, please include
# instructions on how to reproduce the bug and visit:
#   http://icedtea.classpath.org/bugzilla
#

---------------  T H R E A D  ---------------

Current thread (0x00007f33480a8000):  JavaThread "C2 CompilerThread0" daemon [_thread_in_native, id=2894, stack(0x00007f333aba6000,0x00007f333aca7000)]

siginfo:si_signo=SIGSEGV: si_errno=0, si_code=2 (SEGV_ACCERR), si_addr=0x00007f3339f79d40

Registers:
RAX=0x0000000000040390, RBX=0x00007f3338b79d70, RCX=0x0000000000000391, RDX=0x0000000000000391
RSP=0x00007f333aca1fd0, RBP=0x00007f333aca2080, RSI=0x0000000000000003, RDI=0x00007f33241bcbe8
R8 =0x000000000000000d, R9 =0x00000000005e6000, R10=0x0000000000000022, R11=0x0000000024233801
R12=0x00007f3339f79d20, R13=0x00007f33245e58b0, R14=0x00007f3324232ad0, R15=0x0000000000000001
RIP=0x00007f334dc8ed53, EFLAGS=0x0000000000010202, CSGSFS=0x0000000000000033, ERR=0x0000000000000004
  TRAPNO=0x000000000000000e

Top of Stack: (sp=0x00007f333aca1fd0)
0x00007f333aca1fd0:   00000000002116d0 00007f332442bea0
0x00007f333aca1fe0:   00007f332442bea0 00007f332441a180
0x00007f333aca1ff0:   00007f33480a8a10 00007f33480a8a10
0x00007f333aca2000:   00007f3338b79f00 00000a9c002116d0
0x00007f333aca2010:   00007f33245e58b0 00007f333aca38e0
0x00007f333aca2020:   00007f3338b68070 00007f3338b68020
0x00007f333aca2030:   00007f334e550450 00007f33480a8a10
0x00007f333aca2040:   0000000000000400 00007f3324489890
0x00007f333aca2050:   00007f333aca2080 00007f33480a8a10
0x00007f333aca2060:   00007f33480a8a10 00007f333aca38e0
0x00007f333aca2070:   00007f33480a8a10 00007f3318416a90
0x00007f333aca2080:   00007f333aca2390 00007f334deb8089
0x00007f333aca2090:   00007f33180223e0 00000033182b4678
0x00007f333aca20a0:   0000000000000021 00007f333aca3900
0x00007f333aca20b0:   00007f3300000000 00000000001685c0
0x00007f333aca20c0:   00007f33485ed7e8 00007f33485e5850
0x00007f333aca20d0:   00007f333aca20e0 00007f33485e5800
0x00007f333aca20e0:   00007f334e550450 00007f33480a8a10
0x00007f333aca20f0:   00007f3300000002 00007f33485e5850
0x00007f333aca2100:   00007f33245c1e70 0000000000040010
0x00007f333aca2110:   ffff80ccc535de71 00007f3300004002
0x00007f333aca2120:   0000000000001000 0000000000001030
0x00007f333aca2130:   00007f333aca2190 0000000000000200
0x00007f333aca2140:   0000025b480a8a10 0000000000000040
0x00007f333aca2150:   0000000000000008 0000007f000000ae
0x00007f333aca2160:   0000000000000001 00007f333aca218f
0x00007f333aca2170:   0000000000000000 00007f333aca22a0
0x00007f333aca2180:   000008000000007d 00007f33480f4200
0x00007f333aca2190:   00007f33181115c8 00007f333aca2eb0
0x00007f333aca21a0:   00007f333aca2eb0 00007f3324228640
0x00007f333aca21b0:   00007f333aca2300 00007f3324000020
0x00007f333aca21c0:   0000000000040010 0000000000000000 

Instructions: (pc=0x00007f334dc8ed53)
0x00007f334dc8ed33:   8b 46 08 4a 8b 04 e0 8b 40 28 41 8b 44 85 00 83
0x00007f334dc8ed43:   f8 ff 74 69 4c 8d 24 80 49 c1 e4 04 4c 03 65 a8
0x00007f334dc8ed53:   49 8b 7c 24 20 48 85 ff 0f 84 60 03 00 00 48 83
0x00007f334dc8ed63:   7f 20 00 0f 84 09 05 00 00 e8 df fb ff ff 49 8b 

Register to memory mapping:

RAX=0x0000000000040390 is an unknown value
RBX=0x00007f3338b79d70 is an unknown value
RCX=0x0000000000000391 is an unknown value
RDX=0x0000000000000391 is an unknown value
RSP=0x00007f333aca1fd0 is pointing into the stack for thread: 0x00007f33480a8000
RBP=0x00007f333aca2080 is pointing into the stack for thread: 0x00007f33480a8000
RSI=0x0000000000000003 is an unknown value
RDI=0x00007f33241bcbe8 is an unknown value
R8 =0x000000000000000d is an unknown value
R9 =0x00000000005e6000 is an unknown value
R10=0x0000000000000022 is an unknown value
R11=0x0000000024233801 is an unknown value
R12=0x00007f3339f79d20: <offset 0x1c9d20> in /usr/lib/x86_64-linux-gnu/libgobject-2.0.so.0 at 0x00007f3339db0000
R13=0x00007f33245e58b0 is an unknown value
R14=0x00007f3324232ad0 is an unknown value
R15=0x0000000000000001 is an unknown value


Stack: [0x00007f333aba6000,0x00007f333aca7000],  sp=0x00007f333aca1fd0,  free space=1007k
Native frames: (J=compiled Java code, j=interpreted, Vv=VM code, C=native code)
V  [libjvm.so+0x4eed53]  PhaseIdealLoop::Dominators()+0x1d3
V  [libjvm.so+0x718089]  PhaseIdealLoop::build_and_optimize(bool, bool)+0x489
V  [libjvm.so+0x43e036]  Compile::Optimize()+0xb16
V  [libjvm.so+0x43fb0d]  Compile::Compile(ciEnv*, C2Compiler*, ciMethod*, int, bool, bool)+0x105d
V  [libjvm.so+0x3adc7a]  C2Compiler::compile_method(ciEnv*, ciMethod*, int)+0xca
V  [libjvm.so+0x445977]  CompileBroker::invoke_compiler_on_method(CompileTask*)+0x327
V  [libjvm.so+0x446abd]  CompileBroker::compiler_thread_loop()+0x3dd
V  [libjvm.so+0x900e30]  JavaThread::thread_main_inner()+0xf0
V  [libjvm.so+0x9010a1]  JavaThread::run()+0x221
V  [libjvm.so+0x7c4f32]  java_start(Thread*)+0xf2


Current CompileTask:
C2:   2664  140   !         com.google.inject.internal.cglib.core.$CodeEmitter::process_switch (305 bytes)


---------------  P R O C E S S  ---------------

Java Threads: ( => current thread )
  0x00007f334810f800 JavaThread "Monitor Ctrl-Break" daemon [_thread_in_native, id=2899, stack(0x00007f333a59f000,0x00007f333a6a0000)]
  0x00007f33480ad800 JavaThread "Service Thread" daemon [_thread_blocked, id=2896, stack(0x00007f333a9a4000,0x00007f333aaa5000)]
  0x00007f33480ab000 JavaThread "C2 CompilerThread1" daemon [_thread_in_native, id=2895, stack(0x00007f333aaa5000,0x00007f333aba6000)]
=>0x00007f33480a8000 JavaThread "C2 CompilerThread0" daemon [_thread_in_native, id=2894, stack(0x00007f333aba6000,0x00007f333aca7000)]
  0x00007f33480a6000 JavaThread "Signal Dispatcher" daemon [_thread_blocked, id=2893, stack(0x00007f333aca7000,0x00007f333ada8000)]
  0x00007f3348078000 JavaThread "Finalizer" daemon [_thread_blocked, id=2892, stack(0x00007f333b5f6000,0x00007f333b6f7000)]
  0x00007f3348076000 JavaThread "Reference Handler" daemon [_thread_blocked, id=2890, stack(0x00007f333b6f7000,0x00007f333b7f8000)]
  0x00007f334800a800 JavaThread "main" [_thread_in_Java, id=2878, stack(0x00007f334f2cb000,0x00007f334f3cc000)]

Other Threads:
  0x00007f3348071800 VMThread [stack: 0x00007f333b7f8000,0x00007f333b8f9000] [id=2889]
  0x00007f33480b8000 WatcherThread [stack: 0x00007f333a8a3000,0x00007f333a9a4000] [id=2897]

VM state:not at safepoint (normal execution)

VM Mutex/Monitor currently owned by a thread: None

Heap
 PSYoungGen      total 33280K, used 16376K [0x00000000daf00000, 0x00000000dd400000, 0x0000000100000000)
  eden space 28672K, 41% used [0x00000000daf00000,0x00000000dba9bc90,0x00000000dcb00000)
  from space 4608K, 97% used [0x00000000dcf80000,0x00000000dd3e2518,0x00000000dd400000)
  to   space 4608K, 0% used [0x00000000dcb00000,0x00000000dcb00000,0x00000000dcf80000)
 ParOldGen       total 75776K, used 8K [0x0000000090e00000, 0x0000000095800000, 0x00000000daf00000)
  object space 75776K, 0% used [0x0000000090e00000,0x0000000090e02000,0x0000000095800000)
 PSPermGen       total 21504K, used 12037K [0x0000000086800000, 0x0000000087d00000, 0x0000000090e00000)
  object space 21504K, 55% used [0x0000000086800000,0x00000000873c1628,0x0000000087d00000)

Card table byte_map: [0x00007f3344a23000,0x00007f3344df0000] byte_map_base: 0x00007f33445ef000

Polling page: 0x00007f334f3e8000

Code Cache  [0x00007f3344df0000, 0x00007f3345060000, 0x00007f3347df0000)
 total_blobs=410 nmethods=153 adapters=211 free_code_cache=48417Kb largest_free_block=49552704

Compilation events (10 events):
Event: 2,616 Thread 0x00007f33480ab000 nmethod 150 0x00007f3344ea6650 code [0x00007f3344ea6800, 0x00007f3344ea6f08]
Event: 2,616 Thread 0x00007f33480ab000  151             java.lang.reflect.Method::getModifiers (5 bytes)
Event: 2,616 Thread 0x00007f33480ab000 nmethod 151 0x00007f3344ea30d0 code [0x00007f3344ea3200, 0x00007f3344ea3258]
Event: 2,629 Thread 0x00007f33480ab000  152             java.util.AbstractList::<init> (10 bytes)
Event: 2,630 Thread 0x00007f33480ab000 nmethod 152 0x00007f3344ea7990 code [0x00007f3344ea7ac0, 0x00007f3344ea7b18]
Event: 2,632 Thread 0x00007f33480ab000  153             com.google.inject.internal.asm.$Label::<init> (5 bytes)
Event: 2,632 Thread 0x00007f33480ab000 nmethod 153 0x00007f3344ea7790 code [0x00007f3344ea78c0, 0x00007f3344ea7918]
Event: 2,632 Thread 0x00007f33480ab000  154             com.google.inject.internal.asm.$MethodWriter::visitLabel (281 bytes)
Event: 2,653 Thread 0x00007f33480ab000 nmethod 154 0x00007f3344ea8590 code [0x00007f3344ea8720, 0x00007f3344ea8e28]
Event: 2,653 Thread 0x00007f33480ab000  155             com.google.inject.internal.asm.$Type::getInternalName (20 bytes)

GC Heap History (4 events):
Event: 1,258 GC heap before
{Heap before GC invocations=1 (full 0):
 PSYoungGen      total 33280K, used 28672K [0x00000000daf00000, 0x00000000dd400000, 0x0000000100000000)
  eden space 28672K, 100% used [0x00000000daf00000,0x00000000dcb00000,0x00000000dcb00000)
  from space 4608K, 0% used [0x00000000dcf80000,0x00000000dcf80000,0x00000000dd400000)
  to   space 4608K, 0% used [0x00000000dcb00000,0x00000000dcb00000,0x00000000dcf80000)
 ParOldGen       total 75776K, used 0K [0x0000000090e00000, 0x0000000095800000, 0x00000000daf00000)
  object space 75776K, 0% used [0x0000000090e00000,0x0000000090e00000,0x0000000095800000)
 PSPermGen       total 21504K, used 7831K [0x0000000086800000, 0x0000000087d00000, 0x0000000090e00000)
  object space 21504K, 36% used [0x0000000086800000,0x0000000086fa5ce8,0x0000000087d00000)
Event: 1,265 GC heap after
Heap after GC invocations=1 (full 0):
 PSYoungGen      total 33280K, used 3896K [0x00000000daf00000, 0x00000000dd400000, 0x0000000100000000)
  eden space 28672K, 0% used [0x00000000daf00000,0x00000000daf00000,0x00000000dcb00000)
  from space 4608K, 84% used [0x00000000dcb00000,0x00000000dcece1f8,0x00000000dcf80000)
  to   space 4608K, 0% used [0x00000000dcf80000,0x00000000dcf80000,0x00000000dd400000)
 ParOldGen       total 75776K, used 8K [0x0000000090e00000, 0x0000000095800000, 0x00000000daf00000)
  object space 75776K, 0% used [0x0000000090e00000,0x0000000090e02000,0x0000000095800000)
 PSPermGen       total 21504K, used 7831K [0x0000000086800000, 0x0000000087d00000, 0x0000000090e00000)
  object space 21504K, 36% used [0x0000000086800000,0x0000000086fa5ce8,0x0000000087d00000)
}
Event: 2,250 GC heap before
{Heap before GC invocations=2 (full 0):
 PSYoungGen      total 33280K, used 32568K [0x00000000daf00000, 0x00000000dd400000, 0x0000000100000000)
  eden space 28672K, 100% used [0x00000000daf00000,0x00000000dcb00000,0x00000000dcb00000)
  from space 4608K, 84% used [0x00000000dcb00000,0x00000000dcece1f8,0x00000000dcf80000)
  to   space 4608K, 0% used [0x00000000dcf80000,0x00000000dcf80000,0x00000000dd400000)
 ParOldGen       total 75776K, used 8K [0x0000000090e00000, 0x0000000095800000, 0x00000000daf00000)
  object space 75776K, 0% used [0x0000000090e00000,0x0000000090e02000,0x0000000095800000)
 PSPermGen       total 21504K, used 10923K [0x0000000086800000, 0x0000000087d00000, 0x0000000090e00000)
  object space 21504K, 50% used [0x0000000086800000,0x00000000872aae48,0x0000000087d00000)
Event: 2,258 GC heap after
Heap after GC invocations=2 (full 0):
 PSYoungGen      total 33280K, used 4489K [0x00000000daf00000, 0x00000000dd400000, 0x0000000100000000)
  eden space 28672K, 0% used [0x00000000daf00000,0x00000000daf00000,0x00000000dcb00000)
  from space 4608K, 97% used [0x00000000dcf80000,0x00000000dd3e2518,0x00000000dd400000)
  to   space 4608K, 0% used [0x00000000dcb00000,0x00000000dcb00000,0x00000000dcf80000)
 ParOldGen       total 75776K, used 8K [0x0000000090e00000, 0x0000000095800000, 0x00000000daf00000)
  object space 75776K, 0% used [0x0000000090e00000,0x0000000090e02000,0x0000000095800000)
 PSPermGen       total 21504K, used 10923K [0x0000000086800000, 0x0000000087d00000, 0x0000000090e00000)
  object space 21504K, 50% used [0x0000000086800000,0x00000000872aae48,0x0000000087d00000)
}

Deoptimization events (5 events):
Event: 0,994 Thread 0x00007f334800a800 Uncommon trap: reason=unreached action=reinterpret pc=0x00007f3344e611f8 method=java.util.zip.ZipCoder.encoder()Ljava/nio/charset/CharsetEncoder; @ 4
Event: 0,999 Thread 0x00007f334800a800 Uncommon trap: reason=unreached action=reinterpret pc=0x00007f3344e5f988 method=java.util.zip.ZipCoder.encoder()Ljava/nio/charset/CharsetEncoder; @ 4
Event: 1,104 Thread 0x00007f334800a800 Uncommon trap: reason=unreached action=reinterpret pc=0x00007f3344e84314 method=org.codehaus.plexus.util.xml.pull.MXParser.parseStartTag()I @ 170
Event: 2,569 Thread 0x00007f334800a800 Uncommon trap: reason=predicate action=maybe_recompile pc=0x00007f3344e9aeec method=java.util.ArrayList.indexOf(Ljava/lang/Object;)I @ 44
Event: 2,592 Thread 0x00007f334800a800 Uncommon trap: reason=range_check action=make_not_entrant pc=0x00007f3344ea9c1c method=java.util.DualPivotQuicksort.sort([IIIZ)V @ 56

Internal exceptions (10 events):
Event: 2,623 Thread 0x00007f334800a800 Threw 0x00000000db972430 at /build/buildd/openjdk-7-7u79-2.5.5/build/openjdk/hotspot/src/share/vm/prims/jvm.cpp:1284
Event: 2,623 Thread 0x00007f334800a800 Threw 0x00000000db973940 at /build/buildd/openjdk-7-7u79-2.5.5/build/openjdk/hotspot/src/share/vm/prims/jvm.cpp:1284
Event: 2,625 Thread 0x00007f334800a800 Threw 0x00000000db988148 at /build/buildd/openjdk-7-7u79-2.5.5/build/openjdk/hotspot/src/share/vm/prims/jvm.cpp:1284
Event: 2,626 Thread 0x00007f334800a800 Threw 0x00000000db989610 at /build/buildd/openjdk-7-7u79-2.5.5/build/openjdk/hotspot/src/share/vm/prims/jvm.cpp:1284
Event: 2,626 Thread 0x00007f334800a800 Threw 0x00000000db997ff8 at /build/buildd/openjdk-7-7u79-2.5.5/build/openjdk/hotspot/src/share/vm/prims/jvm.cpp:1284
Event: 2,626 Thread 0x00007f334800a800 Threw 0x00000000db999570 at /build/buildd/openjdk-7-7u79-2.5.5/build/openjdk/hotspot/src/share/vm/prims/jvm.cpp:1284
Event: 2,643 Thread 0x00007f334800a800 Threw 0x00000000db9d63a8 at /build/buildd/openjdk-7-7u79-2.5.5/build/openjdk/hotspot/src/share/vm/prims/jvm.cpp:1284
Event: 2,643 Thread 0x00007f334800a800 Threw 0x00000000db9d7870 at /build/buildd/openjdk-7-7u79-2.5.5/build/openjdk/hotspot/src/share/vm/prims/jvm.cpp:1284
Event: 2,644 Thread 0x00007f334800a800 Threw 0x00000000db9e05b8 at /build/buildd/openjdk-7-7u79-2.5.5/build/openjdk/hotspot/src/share/vm/prims/jvm.cpp:1284
Event: 2,644 Thread 0x00007f334800a800 Threw 0x00000000db9e1a48 at /build/buildd/openjdk-7-7u79-2.5.5/build/openjdk/hotspot/src/share/vm/prims/jvm.cpp:1284

Events (10 events):
Event: 2,623 loading class 0x00007f33485c20c0
Event: 2,623 loading class 0x00007f33485c20c0 done
Event: 2,625 loading class 0x00007f33484d5fa0
Event: 2,625 loading class 0x00007f33484d5fa0 done
Event: 2,626 loading class 0x00007f3348601f30
Event: 2,626 loading class 0x00007f3348601f30 done
Event: 2,643 loading class 0x00007f3348611c00
Event: 2,643 loading class 0x00007f3348611c00 done
Event: 2,644 loading class 0x00007f3348443210
Event: 2,644 loading class 0x00007f3348443210 done


Dynamic libraries:
00400000-00401000 r-xp 00000000 08:06 2756372                            /usr/lib/jvm/java-7-openjdk-amd64/jre/bin/java
00600000-00601000 r--p 00000000 08:06 2756372                            /usr/lib/jvm/java-7-openjdk-amd64/jre/bin/java
00601000-00602000 rw-p 00001000 08:06 2756372                            /usr/lib/jvm/java-7-openjdk-amd64/jre/bin/java
025e6000-02607000 rw-p 00000000 00:00 0                                  [heap]
86800000-87d00000 rw-p 00000000 00:00 0 
87d00000-90e00000 rw-p 00000000 00:00 0 
90e00000-95800000 rw-p 00000000 00:00 0 
95800000-daf00000 rw-p 00000000 00:00 0 
daf00000-dd400000 rw-p 00000000 00:00 0 
dd400000-100000000 rw-p 00000000 00:00 0 
7f3310000000-7f3310021000 rw-p 00000000 00:00 0 
7f3310021000-7f3314000000 ---p 00000000 00:00 0 
7f3314000000-7f3314023000 rw-p 00000000 00:00 0 
7f3314023000-7f3318000000 ---p 00000000 00:00 0 
7f3318000000-7f331851d000 rw-p 00000000 00:00 0 
7f331851d000-7f331c000000 ---p 00000000 00:00 0 
7f331c000000-7f331c021000 rw-p 00000000 00:00 0 
7f331c021000-7f3320000000 ---p 00000000 00:00 0 
7f3320000000-7f3320021000 rw-p 00000000 00:00 0 
7f3320021000-7f3324000000 ---p 00000000 00:00 0 
7f3324000000-7f3324831000 rw-p 00000000 00:00 0 
7f3324831000-7f3328000000 ---p 00000000 00:00 0 
7f3328000000-7f3328021000 rw-p 00000000 00:00 0 
7f3328021000-7f332c000000 ---p 00000000 00:00 0 
7f332c000000-7f332c021000 rw-p 00000000 00:00 0 
7f332c021000-7f3330000000 ---p 00000000 00:00 0 
7f3330000000-7f3330021000 rw-p 00000000 00:00 0 
7f3330021000-7f3334000000 ---p 00000000 00:00 0 
7f3334000000-7f3334021000 rw-p 00000000 00:00 0 
7f3334021000-7f3338000000 ---p 00000000 00:00 0 
7f3338b68000-7f3338ccd000 rw-p 00000000 00:00 0 
7f3338ccd000-7f3338cd2000 r--s 0004d000 08:06 2757591                    /usr/lib/jvm/java-7-openjdk-amd64/jre/lib/jsse.jar
7f3338cd8000-7f3338ce8000 r-xp 00000000 08:06 2756414                    /usr/lib/jvm/java-7-openjdk-amd64/jre/lib/amd64/libnio.so
7f3338ce8000-7f3338ee8000 ---p 00010000 08:06 2756414                    /usr/lib/jvm/java-7-openjdk-amd64/jre/lib/amd64/libnio.so
7f3338ee8000-7f3338ee9000 r--p 00010000 08:06 2756414                    /usr/lib/jvm/java-7-openjdk-amd64/jre/lib/amd64/libnio.so
7f3338ee9000-7f3338eea000 rw-p 00011000 08:06 2756414                    /usr/lib/jvm/java-7-openjdk-amd64/jre/lib/amd64/libnio.so
7f3338eec000-7f3338ef2000 r--s 0002c000 08:06 2498484                    /usr/share/java/sisu-inject-plexus.jar
7f3338ef3000-7f3338ef6000 r--s 00013000 08:06 3156891                    /usr/share/maven-repo/org/sonatype/aether/aether-api/1.13.1/aether-api-1.13.1.jar
7f3338ef6000-7f3338ef7000 r--s 00006000 08:06 2498309                    /usr/share/java/plexus-sec-dispatcher.jar
7f3338efc000-7f3338f00000 r--s 0001c000 08:06 3146356                    /usr/share/maven-repo/org/sonatype/aether/aether-util/1.13.1/aether-util-1.13.1.jar
7f3338f06000-7f3338f08000 r--s 0000e000 08:06 2498204                    /usr/share/java/plexus-interpolation.jar
7f3338f09000-7f3338f0b000 r--s 00009000 08:06 2498641                    /usr/share/java/maven3-plugin-api-3.0.5.jar
7f3338f12000-7f3338f14000 r--s 0000a000 08:06 2498604                    /usr/share/java/wagon-provider-api-2.x.jar
7f3338f15000-7f3338f18000 r--s 0001d000 08:06 3156903                    /usr/share/maven-repo/org/sonatype/aether/aether-impl/1.13.1/aether-impl-1.13.1.jar
7f3338f1e000-7f3338f24000 r--s 0003e000 08:06 2498640                    /usr/share/java/maven3-compat-3.0.5.jar
7f3338f29000-7f3338f2a000 r--s 00001000 08:06 2498605                    /usr/share/java/wagon-file-2.x.jar
7f3338f2e000-7f3338f30000 r--s 00006000 08:06 3156909                    /usr/share/maven-repo/org/sonatype/aether/aether-connector-wagon/1.13.1/aether-connector-wagon-1.13.1.jar
7f3338f30000-7f3338f37000 r--s 00040000 08:06 2498489                    /usr/share/java/sisu-inject-bean.jar
7f3338f38000-7f3338f3a000 r--s 00000000 08:06 2498469                    /usr/share/java/plexus-component-annotations-1.5-1.5.5.jar
7f3338f3d000-7f3338f3f000 r--s 00005000 08:06 2498637                    /usr/share/java/maven3-repository-metadata-3.0.5.jar
7f3338f3f000-7f3338f41000 r--s 00007000 08:06 2498166                    /usr/share/java/commons-cli-1.2.jar
7f3338f42000-7f3338f44000 r--s 00002000 08:06 2498307                    /usr/share/java/plexus-cipher.jar
7f3338f45000-7f3338f47000 r--s 00025000 08:06 2498633                    /usr/share/java/maven3-model-3.0.5.jar
7f3338f4a000-7f3338f4c000 r--s 0000a000 08:06 2498638                    /usr/share/java/maven3-artifact-3.0.5.jar
7f3338f51000-7f3338f53000 r--s 00009000 08:06 2498636                    /usr/share/java/maven3-settings-3.0.5.jar
7f3338f53000-7f3338f55000 r--s 0000b000 08:06 2498632                    /usr/share/java/maven3-aether-provider-3.0.5.jar
7f3338f59000-7f3338f82000 r--s 001e9000 08:06 2498175                    /usr/share/java/guava.jar
7f3338f88000-7f3338fa4000 r--s 00110000 08:06 2498612                    /usr/share/java/wagon-http-shaded-2.x.jar
7f3338fa8000-7f3338faa000 r--s 00008000 08:06 2498635                    /usr/share/java/maven3-embedder-3.0.5.jar
7f3338faa000-7f3338fb6000 r--s 00082000 08:06 2498480                    /usr/share/java/sisu-guice.jar
7f3338fb8000-7f3338fbc000 r--s 00020000 08:06 2498642                    /usr/share/java/maven3-model-builder-3.0.5.jar
7f3338fbd000-7f3338fbe000 r--s 0000d000 08:06 2497940                    /usr/share/java/commons-logging-1.1.3.jar
7f3338fc3000-7f3338fca000 r--s 0003b000 08:06 2498192                    /usr/share/java/commons-codec-1.9.jar
7f3338fce000-7f3338fd4000 r--s 00046000 08:06 2498311                    /usr/share/java/commons-httpclient-3.1.jar
7f3338fd7000-7f3338fd9000 r--s 00007000 08:06 2498639                    /usr/share/java/maven3-settings-builder-3.0.5.jar
7f3338fdf000-7f3339010000 rw-p 00000000 00:00 0 
7f3339010000-7f333904d000 r-xp 00000000 08:06 12980222                   /lib/x86_64-linux-gnu/libpcre.so.3.13.1
7f333904d000-7f333924c000 ---p 0003d000 08:06 12980222                   /lib/x86_64-linux-gnu/libpcre.so.3.13.1
7f333924c000-7f333924d000 r--p 0003c000 08:06 12980222                   /lib/x86_64-linux-gnu/libpcre.so.3.13.1
7f333924d000-7f333924e000 rw-p 0003d000 08:06 12980222                   /lib/x86_64-linux-gnu/libpcre.so.3.13.1
7f3339250000-7f3339257000 r-xp 00000000 08:06 2105420                    /usr/lib/x86_64-linux-gnu/libffi.so.6.0.1
7f3339257000-7f3339456000 ---p 00007000 08:06 2105420                    /usr/lib/x86_64-linux-gnu/libffi.so.6.0.1
7f3339456000-7f3339457000 r--p 00006000 08:06 2105420                    /usr/lib/x86_64-linux-gnu/libffi.so.6.0.1
7f3339457000-7f3339458000 rw-p 00007000 08:06 2105420                    /usr/lib/x86_64-linux-gnu/libffi.so.6.0.1
7f3339458000-7f333946f000 r-xp 00000000 08:06 12976552                   /lib/x86_64-linux-gnu/libresolv-2.19.so
7f333946f000-7f333966f000 ---p 00017000 08:06 12976552                   /lib/x86_64-linux-gnu/libresolv-2.19.so
7f333966f000-7f3339670000 r--p 00017000 08:06 12976552                   /lib/x86_64-linux-gnu/libresolv-2.19.so
7f3339670000-7f3339671000 rw-p 00018000 08:06 12976552                   /lib/x86_64-linux-gnu/libresolv-2.19.so
7f3339671000-7f3339673000 rw-p 00000000 00:00 0 
7f3339678000-7f3339698000 r-xp 00000000 08:06 12980249                   /lib/x86_64-linux-gnu/libselinux.so.1
7f3339698000-7f3339897000 ---p 00020000 08:06 12980249                   /lib/x86_64-linux-gnu/libselinux.so.1
7f3339897000-7f3339898000 r--p 0001f000 08:06 12980249                   /lib/x86_64-linux-gnu/libselinux.so.1
7f3339898000-7f3339899000 rw-p 00020000 08:06 12980249                   /lib/x86_64-linux-gnu/libselinux.so.1
7f3339899000-7f333989b000 rw-p 00000000 00:00 0 
7f33398a0000-7f33398a3000 r-xp 00000000 08:06 2097516                    /usr/lib/x86_64-linux-gnu/libgmodule-2.0.so.0.4002.0
7f33398a3000-7f3339aa2000 ---p 00003000 08:06 2097516                    /usr/lib/x86_64-linux-gnu/libgmodule-2.0.so.0.4002.0
7f3339aa2000-7f3339aa3000 r--p 00002000 08:06 2097516                    /usr/lib/x86_64-linux-gnu/libgmodule-2.0.so.0.4002.0
7f3339aa3000-7f3339aa4000 rw-p 00003000 08:06 2097516                    /usr/lib/x86_64-linux-gnu/libgmodule-2.0.so.0.4002.0
7f3339aa8000-7f3339bae000 r-xp 00000000 08:06 12980064                   /lib/x86_64-linux-gnu/libglib-2.0.so.0.4002.0
7f3339bae000-7f3339dad000 ---p 00106000 08:06 12980064                   /lib/x86_64-linux-gnu/libglib-2.0.so.0.4002.0
7f3339dad000-7f3339dae000 r--p 00105000 08:06 12980064                   /lib/x86_64-linux-gnu/libglib-2.0.so.0.4002.0
7f3339dae000-7f3339daf000 rw-p 00106000 08:06 12980064                   /lib/x86_64-linux-gnu/libglib-2.0.so.0.4002.0
7f3339daf000-7f3339db0000 rw-p 00000000 00:00 0 
7f3339db0000-7f3339dff000 r-xp 00000000 08:06 2097534                    /usr/lib/x86_64-linux-gnu/libgobject-2.0.so.0.4002.0
7f3339dff000-7f3339fff000 ---p 0004f000 08:06 2097534                    /usr/lib/x86_64-linux-gnu/libgobject-2.0.so.0.4002.0
7f3339fff000-7f333a000000 r--p 0004f000 08:06 2097534                    /usr/lib/x86_64-linux-gnu/libgobject-2.0.so.0.4002.0
7f333a000000-7f333a001000 rw-p 00050000 08:06 2097534                    /usr/lib/x86_64-linux-gnu/libgobject-2.0.so.0.4002.0
7f333a008000-7f333a174000 r-xp 00000000 08:06 2097538                    /usr/lib/x86_64-linux-gnu/libgio-2.0.so.0.4002.0
7f333a174000-7f333a373000 ---p 0016c000 08:06 2097538                    /usr/lib/x86_64-linux-gnu/libgio-2.0.so.0.4002.0
7f333a373000-7f333a377000 r--p 0016b000 08:06 2097538                    /usr/lib/x86_64-linux-gnu/libgio-2.0.so.0.4002.0
7f333a377000-7f333a379000 rw-p 0016f000 08:06 2097538                    /usr/lib/x86_64-linux-gnu/libgio-2.0.so.0.4002.0
7f333a379000-7f333a37b000 rw-p 00000000 00:00 0 
7f333a380000-7f333a397000 r-xp 00000000 08:06 2756427                    /usr/lib/jvm/java-7-openjdk-amd64/jre/lib/amd64/libnet.so
7f333a397000-7f333a596000 ---p 00017000 08:06 2756427                    /usr/lib/jvm/java-7-openjdk-amd64/jre/lib/amd64/libnet.so
7f333a596000-7f333a597000 r--p 00016000 08:06 2756427                    /usr/lib/jvm/java-7-openjdk-amd64/jre/lib/amd64/libnet.so
7f333a597000-7f333a598000 rw-p 00017000 08:06 2756427                    /usr/lib/jvm/java-7-openjdk-amd64/jre/lib/amd64/libnet.so
7f333a59f000-7f333a5a2000 ---p 00000000 00:00 0 
7f333a5a2000-7f333a6a0000 rw-p 00000000 00:00 0                          [stack:2899]
7f333a6a0000-7f333a6a1000 r-xp 00000000 08:06 13242283                   /home/techmagic/Documents/Tools/idea-IC-139.1117.1/bin/libbreakgen64.so
7f333a6a1000-7f333a8a0000 ---p 00001000 08:06 13242283                   /home/techmagic/Documents/Tools/idea-IC-139.1117.1/bin/libbreakgen64.so
7f333a8a0000-7f333a8a1000 r--p 00000000 08:06 13242283                   /home/techmagic/Documents/Tools/idea-IC-139.1117.1/bin/libbreakgen64.so
7f333a8a1000-7f333a8a2000 rw-p 00001000 08:06 13242283                   /home/techmagic/Documents/Tools/idea-IC-139.1117.1/bin/libbreakgen64.so
7f333a8a3000-7f333a8a4000 ---p 00000000 00:00 0 
7f333a8a4000-7f333a9a4000 rw-p 00000000 00:00 0                          [stack:2897]
7f333a9a4000-7f333a9a7000 ---p 00000000 00:00 0 
7f333a9a7000-7f333aaa5000 rw-p 00000000 00:00 0                          [stack:2896]
7f333aaa5000-7f333aaa8000 ---p 00000000 00:00 0 
7f333aaa8000-7f333aba6000 rw-p 00000000 00:00 0                          [stack:2895]
7f333aba6000-7f333aba9000 ---p 00000000 00:00 0 
7f333aba9000-7f333aca7000 rw-p 00000000 00:00 0                          [stack:2894]
7f333aca7000-7f333acaa000 ---p 00000000 00:00 0 
7f333acaa000-7f333ada8000 rw-p 00000000 00:00 0                          [stack:2893]
7f333ada8000-7f333b5f4000 r--p 00000000 08:06 2104129                    /usr/lib/locale/locale-archive
7f333b5f6000-7f333b5f9000 ---p 00000000 00:00 0 
7f333b5f9000-7f333b6f7000 rw-p 00000000 00:00 0                          [stack:2892]
7f333b6f7000-7f333b6fa000 ---p 00000000 00:00 0 
7f333b6fa000-7f333b7f8000 rw-p 00000000 00:00 0                          [stack:2890]
7f333b7f8000-7f333b7f9000 ---p 00000000 00:00 0 
7f333b7f9000-7f333c000000 rw-p 00000000 00:00 0                          [stack:2889]
7f333c000000-7f333c021000 rw-p 00000000 00:00 0 
7f333c021000-7f3340000000 ---p 00000000 00:00 0 
7f3340003000-7f3340004000 r--s 00003000 08:06 3156886                    /usr/share/maven-repo/org/sonatype/aether/aether-spi/1.13.1/aether-spi-1.13.1.jar
7f334000b000-7f334000f000 r--s 00033000 08:06 2498462                    /usr/share/java/plexus-utils2-2.0.5.jar
7f3340014000-7f3340020000 r--s 0007c000 08:06 2498634                    /usr/share/java/maven3-core-3.0.5.jar
7f3340026000-7f3340028000 r--s 00016000 08:06 13242213                   /home/techmagic/Documents/Tools/idea-IC-139.1117.1/lib/idea_rt.jar
7f334002c000-7f3340030000 r--s 0003c000 08:06 2756438                    /usr/lib/jvm/java-7-openjdk-amd64/jre/lib/ext/sunpkcs11.jar
7f3340032000-7f33402bf000 rw-p 00000000 00:00 0 
7f33402bf000-7f3340470000 r--s 01d27000 08:06 2756433                    /usr/lib/jvm/java-7-openjdk-amd64/jre/lib/rt.jar
7f3340473000-7f33445d0000 rw-p 00000000 00:00 0 
7f33445d0000-7f33445d1000 ---p 00000000 00:00 0 
7f33445d1000-7f33446d1000 rw-p 00000000 00:00 0                          [stack:2885]
7f33446d1000-7f33446d2000 ---p 00000000 00:00 0 
7f33446d2000-7f33447f7000 rw-p 00000000 00:00 0                          [stack:2880]
7f33447f7000-7f3344a23000 rw-p 00000000 00:00 0 
7f3344a23000-7f3344a2e000 rw-p 00000000 00:00 0 
7f3344a2e000-7f3344a76000 rw-p 00000000 00:00 0 
7f3344a76000-7f3344a9b000 rw-p 00000000 00:00 0 
7f3344a9b000-7f3344cc6000 rw-p 00000000 00:00 0 
7f3344cc6000-7f3344cd9000 rw-p 00000000 00:00 0 
7f3344cd9000-7f3344def000 rw-p 00000000 00:00 0 
7f3344def000-7f3344df0000 rw-p 00000000 00:00 0 
7f3344df0000-7f3345060000 rwxp 00000000 00:00 0 
7f3345060000-7f3347df0000 rw-p 00000000 00:00 0 
7f3347df0000-7f3347df8000 r-xp 00000000 08:06 2756410                    /usr/lib/jvm/java-7-openjdk-amd64/jre/lib/amd64/libzip.so
7f3347df8000-7f3347ff7000 ---p 00008000 08:06 2756410                    /usr/lib/jvm/java-7-openjdk-amd64/jre/lib/amd64/libzip.so
7f3347ff7000-7f3347ff8000 r--p 00007000 08:06 2756410                    /usr/lib/jvm/java-7-openjdk-amd64/jre/lib/amd64/libzip.so
7f3347ff8000-7f3347ff9000 rw-p 00008000 08:06 2756410                    /usr/lib/jvm/java-7-openjdk-amd64/jre/lib/amd64/libzip.so
7f3348000000-7f33487ce000 rw-p 00000000 00:00 0 
7f33487ce000-7f334c000000 ---p 00000000 00:00 0 
7f334c006000-7f334c009000 r--s 00086000 08:06 2756439                    /usr/lib/jvm/java-7-openjdk-amd64/jre/lib/ext/localedata.jar
7f334c00f000-7f334c012000 r--s 0000f000 08:06 2756436                    /usr/lib/jvm/java-7-openjdk-amd64/jre/lib/ext/icedtea-sound.jar
7f334c016000-7f334c090000 rw-p 00000000 00:00 0 
7f334c090000-7f334c0d8000 rw-p 00000000 00:00 0 
7f334c0d8000-7f334c0e3000 r-xp 00000000 08:06 12976555                   /lib/x86_64-linux-gnu/libnss_files-2.19.so
7f334c0e3000-7f334c2e2000 ---p 0000b000 08:06 12976555                   /lib/x86_64-linux-gnu/libnss_files-2.19.so
7f334c2e2000-7f334c2e3000 r--p 0000a000 08:06 12976555                   /lib/x86_64-linux-gnu/libnss_files-2.19.so
7f334c2e3000-7f334c2e4000 rw-p 0000b000 08:06 12976555                   /lib/x86_64-linux-gnu/libnss_files-2.19.so
7f334c2e8000-7f334c2f3000 r-xp 00000000 08:06 12976585                   /lib/x86_64-linux-gnu/libnss_nis-2.19.so
7f334c2f3000-7f334c4f2000 ---p 0000b000 08:06 12976585                   /lib/x86_64-linux-gnu/libnss_nis-2.19.so
7f334c4f2000-7f334c4f3000 r--p 0000a000 08:06 12976585                   /lib/x86_64-linux-gnu/libnss_nis-2.19.so
7f334c4f3000-7f334c4f4000 rw-p 0000b000 08:06 12976585                   /lib/x86_64-linux-gnu/libnss_nis-2.19.so
7f334c4f8000-7f334c50f000 r-xp 00000000 08:06 12976574                   /lib/x86_64-linux-gnu/libnsl-2.19.so
7f334c50f000-7f334c70e000 ---p 00017000 08:06 12976574                   /lib/x86_64-linux-gnu/libnsl-2.19.so
7f334c70e000-7f334c70f000 r--p 00016000 08:06 12976574                   /lib/x86_64-linux-gnu/libnsl-2.19.so
7f334c70f000-7f334c710000 rw-p 00017000 08:06 12976574                   /lib/x86_64-linux-gnu/libnsl-2.19.so
7f334c710000-7f334c712000 rw-p 00000000 00:00 0 
7f334c718000-7f334c721000 r-xp 00000000 08:06 12976572                   /lib/x86_64-linux-gnu/libnss_compat-2.19.so
7f334c721000-7f334c920000 ---p 00009000 08:06 12976572                   /lib/x86_64-linux-gnu/libnss_compat-2.19.so
7f334c920000-7f334c921000 r--p 00008000 08:06 12976572                   /lib/x86_64-linux-gnu/libnss_compat-2.19.so
7f334c921000-7f334c922000 rw-p 00009000 08:06 12976572                   /lib/x86_64-linux-gnu/libnss_compat-2.19.so
7f334c928000-7f334c953000 r-xp 00000000 08:06 2756426                    /usr/lib/jvm/java-7-openjdk-amd64/jre/lib/amd64/libjava.so
7f334c953000-7f334cb53000 ---p 0002b000 08:06 2756426                    /usr/lib/jvm/java-7-openjdk-amd64/jre/lib/amd64/libjava.so
7f334cb53000-7f334cb54000 r--p 0002b000 08:06 2756426                    /usr/lib/jvm/java-7-openjdk-amd64/jre/lib/amd64/libjava.so
7f334cb54000-7f334cb56000 rw-p 0002c000 08:06 2756426                    /usr/lib/jvm/java-7-openjdk-amd64/jre/lib/amd64/libjava.so
7f334cb58000-7f334cb68000 r-xp 00000000 08:06 2756423                    /usr/lib/jvm/java-7-openjdk-amd64/jre/lib/amd64/libverify.so
7f334cb68000-7f334cd67000 ---p 00010000 08:06 2756423                    /usr/lib/jvm/java-7-openjdk-amd64/jre/lib/amd64/libverify.so
7f334cd67000-7f334cd69000 r--p 0000f000 08:06 2756423                    /usr/lib/jvm/java-7-openjdk-amd64/jre/lib/amd64/libverify.so
7f334cd69000-7f334cd6a000 rw-p 00011000 08:06 2756423                    /usr/lib/jvm/java-7-openjdk-amd64/jre/lib/amd64/libverify.so
7f334cd70000-7f334cd77000 r-xp 00000000 08:06 12976582                   /lib/x86_64-linux-gnu/librt-2.19.so
7f334cd77000-7f334cf76000 ---p 00007000 08:06 12976582                   /lib/x86_64-linux-gnu/librt-2.19.so
7f334cf76000-7f334cf77000 r--p 00006000 08:06 12976582                   /lib/x86_64-linux-gnu/librt-2.19.so
7f334cf77000-7f334cf78000 rw-p 00007000 08:06 12976582                   /lib/x86_64-linux-gnu/librt-2.19.so
7f334cf78000-7f334cf8e000 r-xp 00000000 08:06 12980096                   /lib/x86_64-linux-gnu/libgcc_s.so.1
7f334cf8e000-7f334d18d000 ---p 00016000 08:06 12980096                   /lib/x86_64-linux-gnu/libgcc_s.so.1
7f334d18d000-7f334d18e000 rw-p 00015000 08:06 12980096                   /lib/x86_64-linux-gnu/libgcc_s.so.1
7f334d190000-7f334d295000 r-xp 00000000 08:06 12976554                   /lib/x86_64-linux-gnu/libm-2.19.so
7f334d295000-7f334d494000 ---p 00105000 08:06 12976554                   /lib/x86_64-linux-gnu/libm-2.19.so
7f334d494000-7f334d495000 r--p 00104000 08:06 12976554                   /lib/x86_64-linux-gnu/libm-2.19.so
7f334d495000-7f334d496000 rw-p 00105000 08:06 12976554                   /lib/x86_64-linux-gnu/libm-2.19.so
7f334d498000-7f334d57e000 r-xp 00000000 08:06 2106048                    /usr/lib/x86_64-linux-gnu/libstdc++.so.6.0.19
7f334d57e000-7f334d77d000 ---p 000e6000 08:06 2106048                    /usr/lib/x86_64-linux-gnu/libstdc++.so.6.0.19
7f334d77d000-7f334d785000 r--p 000e5000 08:06 2106048                    /usr/lib/x86_64-linux-gnu/libstdc++.so.6.0.19
7f334d785000-7f334d787000 rw-p 000ed000 08:06 2106048                    /usr/lib/x86_64-linux-gnu/libstdc++.so.6.0.19
7f334d787000-7f334d79c000 rw-p 00000000 00:00 0 
7f334d7a0000-7f334e2b8000 r-xp 00000000 08:06 2756431                    /usr/lib/jvm/java-7-openjdk-amd64/jre/lib/amd64/server/libjvm.so
7f334e2b8000-7f334e4b8000 ---p 00b18000 08:06 2756431                    /usr/lib/jvm/java-7-openjdk-amd64/jre/lib/amd64/server/libjvm.so
7f334e4b8000-7f334e552000 r--p 00b18000 08:06 2756431                    /usr/lib/jvm/java-7-openjdk-amd64/jre/lib/amd64/server/libjvm.so
7f334e552000-7f334e575000 rw-p 00bb2000 08:06 2756431                    /usr/lib/jvm/java-7-openjdk-amd64/jre/lib/amd64/server/libjvm.so
7f334e575000-7f334e5a3000 rw-p 00000000 00:00 0 
7f334e5a8000-7f334e5c0000 r-xp 00000000 08:06 12980282                   /lib/x86_64-linux-gnu/libz.so.1.2.8
7f334e5c0000-7f334e7bf000 ---p 00018000 08:06 12980282                   /lib/x86_64-linux-gnu/libz.so.1.2.8
7f334e7bf000-7f334e7c0000 r--p 00017000 08:06 12980282                   /lib/x86_64-linux-gnu/libz.so.1.2.8
7f334e7c0000-7f334e7c1000 rw-p 00018000 08:06 12980282                   /lib/x86_64-linux-gnu/libz.so.1.2.8
7f334e7c8000-7f334e7e1000 r-xp 00000000 08:06 12976580                   /lib/x86_64-linux-gnu/libpthread-2.19.so
7f334e7e1000-7f334e9e0000 ---p 00019000 08:06 12976580                   /lib/x86_64-linux-gnu/libpthread-2.19.so
7f334e9e0000-7f334e9e1000 r--p 00018000 08:06 12976580                   /lib/x86_64-linux-gnu/libpthread-2.19.so
7f334e9e1000-7f334e9e2000 rw-p 00019000 08:06 12976580                   /lib/x86_64-linux-gnu/libpthread-2.19.so
7f334e9e2000-7f334e9e6000 rw-p 00000000 00:00 0 
7f334e9e8000-7f334e9eb000 r-xp 00000000 08:06 12976565                   /lib/x86_64-linux-gnu/libdl-2.19.so
7f334e9eb000-7f334ebea000 ---p 00003000 08:06 12976565                   /lib/x86_64-linux-gnu/libdl-2.19.so
7f334ebea000-7f334ebeb000 r--p 00002000 08:06 12976565                   /lib/x86_64-linux-gnu/libdl-2.19.so
7f334ebeb000-7f334ebec000 rw-p 00003000 08:06 12976565                   /lib/x86_64-linux-gnu/libdl-2.19.so
7f334ebf0000-7f334edab000 r-xp 00000000 08:06 12976579                   /lib/x86_64-linux-gnu/libc-2.19.so
7f334edab000-7f334efaa000 ---p 001bb000 08:06 12976579                   /lib/x86_64-linux-gnu/libc-2.19.so
7f334efaa000-7f334efae000 r--p 001ba000 08:06 12976579                   /lib/x86_64-linux-gnu/libc-2.19.so
7f334efae000-7f334efb0000 rw-p 001be000 08:06 12976579                   /lib/x86_64-linux-gnu/libc-2.19.so
7f334efb0000-7f334efb5000 rw-p 00000000 00:00 0 
7f334efb8000-7f334efc5000 r-xp 00000000 08:06 2756402                    /usr/lib/jvm/java-7-openjdk-amd64/jre/lib/amd64/jli/libjli.so
7f334efc5000-7f334f1c4000 ---p 0000d000 08:06 2756402                    /usr/lib/jvm/java-7-openjdk-amd64/jre/lib/amd64/jli/libjli.so
7f334f1c4000-7f334f1c5000 r--p 0000c000 08:06 2756402                    /usr/lib/jvm/java-7-openjdk-amd64/jre/lib/amd64/jli/libjli.so
7f334f1c5000-7f334f1c6000 rw-p 0000d000 08:06 2756402                    /usr/lib/jvm/java-7-openjdk-amd64/jre/lib/amd64/jli/libjli.so
7f334f1c8000-7f334f1eb000 r-xp 00000000 08:06 12976576                   /lib/x86_64-linux-gnu/ld-2.19.so
7f334f1f2000-7f334f1f4000 r--s 0000a000 08:06 2498146                    /usr/share/java/plexus-classworlds2-2.5.1.jar
7f334f1f4000-7f334f1f8000 r--s 00034000 08:06 2756440                    /usr/lib/jvm/java-7-openjdk-amd64/jre/lib/ext/sunjce_provider.jar
7f334f1fe000-7f334f200000 r--s 00006000 08:06 2497369                    /usr/share/java/java-atk-wrapper.jar
7f334f202000-7f334f204000 r--s 00012000 08:06 2756441                    /usr/lib/jvm/java-7-openjdk-amd64/jre/lib/ext/zipfs.jar
7f334f20b000-7f334f215000 rw-p 00000000 00:00 0 
7f334f215000-7f334f2cb000 rw-p 00000000 00:00 0 
7f334f2cb000-7f334f2ce000 ---p 00000000 00:00 0 
7f334f2ce000-7f334f3d0000 rw-p 00000000 00:00 0                          [stack:2878]
7f334f3d2000-7f334f3d3000 r--s 00002000 08:06 2756437                    /usr/lib/jvm/java-7-openjdk-amd64/jre/lib/ext/dnsns.jar
7f334f3d8000-7f334f3e0000 rw-s 00000000 08:06 6688337                    /tmp/hsperfdata_techmagic/2871
7f334f3e6000-7f334f3e8000 rw-p 00000000 00:00 0 
7f334f3e8000-7f334f3e9000 r--p 00000000 00:00 0 
7f334f3e9000-7f334f3ea000 rw-p 00000000 00:00 0 
7f334f3ea000-7f334f3eb000 r--p 00022000 08:06 12976576                   /lib/x86_64-linux-gnu/ld-2.19.so
7f334f3eb000-7f334f3ec000 rw-p 00023000 08:06 12976576                   /lib/x86_64-linux-gnu/ld-2.19.so
7f334f3ec000-7f334f3ef000 rw-p 00000000 00:00 0 
7ffff89ab000-7ffff89cd000 rw-p 00000000 00:00 0                          [stack]
7ffff89e0000-7ffff89e2000 r-xp 00000000 00:00 0                          [vdso]
ffffffffff600000-ffffffffff601000 r-xp 00000000 00:00 0                  [vsyscall]

VM Arguments:
jvm_args: -Dmaven.home=/usr/share/maven -Dclassworlds.conf=/usr/share/maven/bin/m2.conf -Didea.launcher.port=7534 -Didea.launcher.bin.path=/home/techmagic/Documents/Tools/idea-IC-139.1117.1/bin -Dfile.encoding=UTF-8 
java_command: com.intellij.rt.execution.application.AppMain org.codehaus.classworlds.Launcher -Didea.version=14.0.3 test
Launcher Type: SUN_STANDARD

Environment Variables:
JAVA_HOME=/usr/lib/jvm/java-7-openjdk-amd64
CLASSPATH=/home/techmagic/Documents/Tools/idea-IC-139.1117.1/bin/../lib/bootstrap.jar:/home/techmagic/Documents/Tools/idea-IC-139.1117.1/bin/../lib/extensions.jar:/home/techmagic/Documents/Tools/idea-IC-139.1117.1/bin/../lib/util.jar:/home/techmagic/Documents/Tools/idea-IC-139.1117.1/bin/../lib/jdom.jar:/home/techmagic/Documents/Tools/idea-IC-139.1117.1/bin/../lib/log4j.jar:/home/techmagic/Documents/Tools/idea-IC-139.1117.1/bin/../lib/trove4j.jar:/home/techmagic/Documents/Tools/idea-IC-139.1117.1/bin/../lib/jna.jar:/usr/lib/jvm/java-7-openjdk-amd64/lib/tools.jar
PATH=/usr/local/sbin:/usr/local/bin:/usr/sbin:/usr/bin:/sbin:/bin:/usr/games:/usr/local/games:/home/techmagic/Documents/Tools/Android/android-sdk-linux/tools:/home/techmagic/Documents/Tools/Android/android-sdk-linux/platform-tools:/home/techmagic/Documents/Tools/Android/android-sdk-linux/tools:/home/techmagic/Documents/Tools/Android/android-sdk-linux/platform-tools:/home/techmagic/node-v0.12.0-linux-x64/bin:/home/techmagic/Documents/Tools/apache-ant-1.9.4/bin:/home/techmagic/Documents/Tools/idea-IC-139.1117.1/bin:/home/techmagic/Documents/Tools/genymotion:/home/techmagic/Documents/Tools/idea-IC-139.1117.1/bin
LD_LIBRARY_PATH=/home/techmagic/Documents/Tools/idea-IC-139.1117.1/bin:
SHELL=/bin/bash
DISPLAY=:0

Signal Handlers:
SIGSEGV: [libjvm.so+0x94b9a0], sa_mask[0]=0x7ffbfeff, sa_flags=0x10000004
SIGBUS: [libjvm.so+0x94b9a0], sa_mask[0]=0x7ffbfeff, sa_flags=0x10000004
SIGFPE: [libjvm.so+0x7c3880], sa_mask[0]=0x7ffbfeff, sa_flags=0x10000004
SIGPIPE: [libjvm.so+0x7c3880], sa_mask[0]=0x7ffbfeff, sa_flags=0x10000004
SIGXFSZ: [libjvm.so+0x7c3880], sa_mask[0]=0x7ffbfeff, sa_flags=0x10000004
SIGILL: [libjvm.so+0x7c3880], sa_mask[0]=0x7ffbfeff, sa_flags=0x10000004
SIGUSR1: SIG_DFL, sa_mask[0]=0x00000000, sa_flags=0x00000000
SIGUSR2: [libjvm.so+0x7c3720], sa_mask[0]=0x00000004, sa_flags=0x10000004
SIGHUP: [libjvm.so+0x7c3900], sa_mask[0]=0x7ffbfeff, sa_flags=0x10000004
SIGINT: [libjvm.so+0x7c3900], sa_mask[0]=0x7ffbfeff, sa_flags=0x10000004
SIGTERM: [libjvm.so+0x7c3900], sa_mask[0]=0x7ffbfeff, sa_flags=0x10000004
SIGQUIT: [libjvm.so+0x7c3900], sa_mask[0]=0x7ffbfeff, sa_flags=0x10000004
SIGTRAP: SIG_DFL, sa_mask[0]=0x00000000, sa_flags=0x00000000


---------------  S Y S T E M  ---------------

OS:Ubuntu 14.04 (trusty)
uname:Linux 3.13.0-53-generic #89-Ubuntu SMP Wed May 20 10:34:39 UTC 2015 x86_64
libc:glibc 2.19 NPTL 2.19 
rlimit: STACK 8192k, CORE 0k, NPROC 56681, NOFILE 4096, AS infinity
load average:0,78 0,68 0,70

/proc/meminfo:
MemTotal:        7276828 kB
MemFree:          967000 kB
Buffers:          220820 kB
Cached:          2257976 kB
SwapCached:           36 kB
Active:          3825576 kB
Inactive:        2048100 kB
Active(anon):    2914436 kB
Inactive(anon):   859756 kB
Active(file):     911140 kB
Inactive(file):  1188344 kB
Unevictable:         180 kB
Mlocked:             180 kB
SwapTotal:      15624188 kB
SwapFree:       15623908 kB
Dirty:             15460 kB
Writeback:            80 kB
AnonPages:       3395024 kB
Mapped:           648132 kB
Shmem:            379428 kB
Slab:             284820 kB
SReclaimable:     246788 kB
SUnreclaim:        38032 kB
KernelStack:        6560 kB
PageTables:        58816 kB
NFS_Unstable:          0 kB
Bounce:                0 kB
WritebackTmp:          0 kB
CommitLimit:    19262600 kB
Committed_AS:   10629244 kB
VmallocTotal:   34359738367 kB
VmallocUsed:      123776 kB
VmallocChunk:   34359594624 kB
HardwareCorrupted:     0 kB
AnonHugePages:   1030144 kB
HugePages_Total:       0
HugePages_Free:        0
HugePages_Rsvd:        0
HugePages_Surp:        0
Hugepagesize:       2048 kB
DirectMap4k:       62548 kB
DirectMap2M:     3284992 kB
DirectMap1G:     4194304 kB


CPU:total 2 (2 cores per cpu, 1 threads per core) family 21 model 19 stepping 1, cmov, cx8, fxsr, mmx, sse, sse2, sse3, ssse3, sse4.1, sse4.2, popcnt, avx, aes, mmxext, 3dnowpref, lzcnt, sse4a, tsc, tscinvbit, tscinv

/proc/cpuinfo:
processor	: 0
vendor_id	: AuthenticAMD
cpu family	: 21
model		: 19
model name	: AMD A4-6300 APU with Radeon(tm) HD Graphics
stepping	: 1
microcode	: 0x6001119
cpu MHz		: 3700.000
cache size	: 1024 KB
physical id	: 0
siblings	: 2
core id		: 0
cpu cores	: 1
apicid		: 16
initial apicid	: 0
fpu		: yes
fpu_exception	: yes
cpuid level	: 13
wp		: yes
flags		: fpu vme de pse tsc msr pae mce cx8 apic sep mtrr pge mca cmov pat pse36 clflush mmx fxsr sse sse2 ht syscall nx mmxext fxsr_opt pdpe1gb rdtscp lm constant_tsc rep_good nopl nonstop_tsc extd_apicid aperfmperf pni pclmulqdq monitor ssse3 fma cx16 sse4_1 sse4_2 popcnt aes xsave avx f16c lahf_lm cmp_legacy svm extapic cr8_legacy abm sse4a misalignsse 3dnowprefetch osvw ibs xop skinit wdt lwp fma4 tce tbm topoext perfctr_core perfctr_nb arat cpb hw_pstate npt lbrv svm_lock nrip_save tsc_scale vmcb_clean flushbyasid decodeassists pausefilter pfthreshold vmmcall bmi1
bogomips	: 7437.09
TLB size	: 1536 4K pages
clflush size	: 64
cache_alignment	: 64
address sizes	: 48 bits physical, 48 bits virtual
power management: ts ttp tm 100mhzsteps hwpstate cpb eff_freq_ro

processor	: 1
vendor_id	: AuthenticAMD
cpu family	: 21
model		: 19
model name	: AMD A4-6300 APU with Radeon(tm) HD Graphics    
stepping	: 1
microcode	: 0x6001119
cpu MHz		: 3700.000
cache size	: 1024 KB
physical id	: 0
siblings	: 2
core id		: 1
cpu cores	: 1
apicid		: 17
initial apicid	: 1
fpu		: yes
fpu_exception	: yes
cpuid level	: 13
wp		: yes
flags		: fpu vme de pse tsc msr pae mce cx8 apic sep mtrr pge mca cmov pat pse36 clflush mmx fxsr sse sse2 ht syscall nx mmxext fxsr_opt pdpe1gb rdtscp lm constant_tsc rep_good nopl nonstop_tsc extd_apicid aperfmperf pni pclmulqdq monitor ssse3 fma cx16 sse4_1 sse4_2 popcnt aes xsave avx f16c lahf_lm cmp_legacy svm extapic cr8_legacy abm sse4a misalignsse 3dnowprefetch osvw ibs xop skinit wdt lwp fma4 tce tbm topoext perfctr_core perfctr_nb arat cpb hw_pstate npt lbrv svm_lock nrip_save tsc_scale vmcb_clean flushbyasid decodeassists pausefilter pfthreshold vmmcall bmi1
bogomips	: 7437.09
TLB size	: 1536 4K pages
clflush size	: 64
cache_alignment	: 64
address sizes	: 48 bits physical, 48 bits virtual
power management: ts ttp tm 100mhzsteps hwpstate cpb eff_freq_ro



Memory: 4k page, physical 7276828k(967000k free), swap 15624188k(15623908k free)

vm_info: OpenJDK 64-Bit Server VM (24.79-b02) for linux-amd64 JRE (1.7.0_79-b14), built on Apr 16 2015 08:21:58 by "buildd" with gcc 4.8.2

time: Wed May 27 15:50:40 2015
elapsed time: 2 seconds

